This file contains any messages produced by compilers while
running configure, to aid debugging if configure makes a mistake.

It was created by sphinxbase configure 5prealpha, which was
generated by GNU Autoconf 2.69.  Invocation command line was

  $ ./configure --prefix=/Users/katiemishra/pocketsphinx --without-python

## --------- ##
## Platform. ##
## --------- ##

hostname = Katies-MacBook-Pro-3.local
uname -m = x86_64
uname -r = 17.7.0
uname -s = Darwin
uname -v = Darwin Kernel Version 17.7.0: Fri Jul  6 19:54:51 PDT 2018; root:xnu-4570.71.3~2/RELEASE_X86_64

/usr/bin/uname -p = i386
/bin/uname -X     = unknown

/bin/arch              = unknown
/usr/bin/arch -k       = unknown
/usr/convex/getsysinfo = unknown
/usr/bin/hostinfo      = Mach kernel version:
	 Darwin Kernel Version 17.7.0: Fri Jul  6 19:54:51 PDT 2018; root:xnu-4570.71.3~2/RELEASE_X86_64
Kernel configured for up to 12 processors.
6 processors are physically available.
12 processors are logically available.
Processor type: x86_64h (Intel x86-64h Haswell)
Processors active: 0 1 2 3 4 5 6 7 8 9 10 11
Primary memory available: 16.00 gigabytes
Default processor set: 419 tasks, 2267 threads, 12 processors
Load average: 3.69, Mach factor: 8.30
/bin/machine           = unknown
/usr/bin/oslevel       = unknown
/bin/universe          = unknown

PATH: /usr/local/bin
PATH: /usr/bin
PATH: /bin
PATH: /usr/sbin
PATH: /sbin
PATH: /usr/local/share/dotnet
PATH: ~/.dotnet/tools
PATH: /Library/Frameworks/Mono.framework/Versions/Current/Commands


## ----------- ##
## Core tests. ##
## ----------- ##

configure:2534: checking for a BSD-compatible install
configure:2602: result: /usr/bin/install -c
configure:2613: checking whether build environment is sane
configure:2668: result: yes
configure:2819: checking for a thread-safe mkdir -p
configure:2858: result: ./install-sh -c -d
configure:2865: checking for gawk
configure:2895: result: no
configure:2865: checking for mawk
configure:2895: result: no
configure:2865: checking for nawk
configure:2895: result: no
configure:2865: checking for awk
configure:2881: found /usr/bin/awk
configure:2892: result: awk
configure:2903: checking whether make sets $(MAKE)
configure:2925: result: yes
configure:2954: checking whether make supports nested variables
configure:2971: result: yes
configure:3095: checking build system type
configure:3109: result: x86_64-apple-darwin17.7.0
configure:3129: checking host system type
configure:3142: result: x86_64-apple-darwin17.7.0
configure:3174: checking for style of include used by make
configure:3202: result: GNU
configure:3273: checking for gcc
configure:3289: found /usr/bin/gcc
configure:3300: result: gcc
configure:3529: checking for C compiler version
configure:3538: gcc --version >&5
Apple LLVM version 10.0.0 (clang-1000.11.45.5)
Target: x86_64-apple-darwin17.7.0
Thread model: posix
InstalledDir: /Applications/Xcode.app/Contents/Developer/Toolchains/XcodeDefault.xctoolchain/usr/bin
Configured with: --prefix=/Applications/Xcode.app/Contents/Developer/usr --with-gxx-include-dir=/usr/include/c++/4.2.1
configure:3549: $? = 0
configure:3538: gcc -v >&5
Configured with: --prefix=/Applications/Xcode.app/Contents/Developer/usr --with-gxx-include-dir=/usr/include/c++/4.2.1
Apple LLVM version 10.0.0 (clang-1000.11.45.5)
Target: x86_64-apple-darwin17.7.0
Thread model: posix
InstalledDir: /Applications/Xcode.app/Contents/Developer/Toolchains/XcodeDefault.xctoolchain/usr/bin
configure:3549: $? = 0
configure:3538: gcc -V >&5
clang: error: argument to '-V' is missing (expected 1 value)
clang: error: no input files
configure:3549: $? = 1
configure:3538: gcc -qversion >&5
clang: error: unknown argument: '-qversion'
clang: error: no input files
configure:3549: $? = 1
configure:3569: checking whether the C compiler works
configure:3591: gcc -g -O2 -Wall   conftest.c  >&5
configure:3595: $? = 0
configure:3643: result: yes
configure:3646: checking for C compiler default output file name
configure:3648: result: a.out
configure:3654: checking for suffix of executables
configure:3661: gcc -o conftest -g -O2 -Wall   conftest.c  >&5
configure:3665: $? = 0
configure:3687: result: 
configure:3709: checking whether we are cross compiling
configure:3717: gcc -o conftest -g -O2 -Wall   conftest.c  >&5
configure:3721: $? = 0
configure:3728: ./conftest
configure:3732: $? = 0
configure:3747: result: no
configure:3752: checking for suffix of object files
configure:3774: gcc -c -g -O2 -Wall  conftest.c >&5
configure:3778: $? = 0
configure:3799: result: o
configure:3803: checking whether we are using the GNU C compiler
configure:3822: gcc -c -g -O2 -Wall  conftest.c >&5
configure:3822: $? = 0
configure:3831: result: yes
configure:3840: checking whether gcc accepts -g
configure:3860: gcc -c -g  conftest.c >&5
configure:3860: $? = 0
configure:3901: result: yes
configure:3918: checking for gcc option to accept ISO C89
configure:3981: gcc  -c -g -O2 -Wall  conftest.c >&5
configure:3981: $? = 0
configure:3994: result: none needed
configure:4019: checking whether gcc understands -c and -o together
configure:4041: gcc -c conftest.c -o conftest2.o
configure:4044: $? = 0
configure:4041: gcc -c conftest.c -o conftest2.o
configure:4044: $? = 0
configure:4056: result: yes
configure:4075: checking dependency style of gcc
configure:4186: result: gcc3
configure:4202: checking for library containing strerror
configure:4233: gcc -o conftest -g -O2 -Wall   conftest.c  >&5
conftest.c:16:6: warning: incompatible redeclaration of library function 'strerror' [-Wincompatible-library-redeclaration]
char strerror ();
     ^
conftest.c:16:6: note: 'strerror' is a builtin with type 'char *(int)'
1 warning generated.
configure:4233: $? = 0
configure:4250: result: none required
configure:4306: checking for gcc
configure:4333: result: gcc
configure:4562: checking for C compiler version
configure:4571: gcc --version >&5
Apple LLVM version 10.0.0 (clang-1000.11.45.5)
Target: x86_64-apple-darwin17.7.0
Thread model: posix
InstalledDir: /Applications/Xcode.app/Contents/Developer/Toolchains/XcodeDefault.xctoolchain/usr/bin
Configured with: --prefix=/Applications/Xcode.app/Contents/Developer/usr --with-gxx-include-dir=/usr/include/c++/4.2.1
configure:4582: $? = 0
configure:4571: gcc -v >&5
Configured with: --prefix=/Applications/Xcode.app/Contents/Developer/usr --with-gxx-include-dir=/usr/include/c++/4.2.1
Apple LLVM version 10.0.0 (clang-1000.11.45.5)
Target: x86_64-apple-darwin17.7.0
Thread model: posix
InstalledDir: /Applications/Xcode.app/Contents/Developer/Toolchains/XcodeDefault.xctoolchain/usr/bin
configure:4582: $? = 0
configure:4571: gcc -V >&5
clang: error: argument to '-V' is missing (expected 1 value)
clang: error: no input files
configure:4582: $? = 1
configure:4571: gcc -qversion >&5
clang: error: unknown argument: '-qversion'
clang: error: no input files
configure:4582: $? = 1
configure:4586: checking whether we are using the GNU C compiler
configure:4614: result: yes
configure:4623: checking whether gcc accepts -g
configure:4684: result: yes
configure:4701: checking for gcc option to accept ISO C89
configure:4777: result: none needed
configure:4802: checking whether gcc understands -c and -o together
configure:4839: result: yes
configure:4858: checking dependency style of gcc
configure:4969: result: gcc3
configure:4988: checking for gcc option to accept ISO C99
configure:5137: gcc  -c -g -O2 -Wall  conftest.c >&5
configure:5137: $? = 0
configure:5150: result: none needed
configure:5258: checking for gcc option to accept ISO Standard C
configure:5269: result: none needed
configure:5323: checking how to print strings
configure:5350: result: printf
configure:5371: checking for a sed that does not truncate output
configure:5435: result: /usr/bin/sed
configure:5453: checking for grep that handles long lines and -e
configure:5511: result: /usr/bin/grep
configure:5516: checking for egrep
configure:5578: result: /usr/bin/grep -E
configure:5583: checking for fgrep
configure:5645: result: /usr/bin/grep -F
configure:5680: checking for ld used by gcc
configure:5747: result: /Applications/Xcode.app/Contents/Developer/Toolchains/XcodeDefault.xctoolchain/usr/bin/ld
configure:5754: checking if the linker (/Applications/Xcode.app/Contents/Developer/Toolchains/XcodeDefault.xctoolchain/usr/bin/ld) is GNU ld
configure:5769: result: no
configure:5781: checking for BSD- or MS-compatible name lister (nm)
configure:5830: result: /usr/bin/nm -B
configure:5960: checking the name lister (/usr/bin/nm -B) interface
configure:5967: gcc -c -g -O2 -Wall  conftest.c >&5
configure:5970: /usr/bin/nm -B "conftest.o"
configure:5973: output
00000000000001e8 S _some_variable
configure:5980: result: BSD nm
configure:5983: checking whether ln -s works
configure:5987: result: yes
configure:5995: checking the maximum length of command line arguments
configure:6125: result: 196608
configure:6142: checking whether the shell understands some XSI constructs
configure:6152: result: yes
configure:6156: checking whether the shell understands "+="
configure:6162: result: yes
configure:6197: checking how to convert x86_64-apple-darwin17.7.0 file names to x86_64-apple-darwin17.7.0 format
configure:6237: result: func_convert_file_noop
configure:6244: checking how to convert x86_64-apple-darwin17.7.0 file names to toolchain format
configure:6264: result: func_convert_file_noop
configure:6271: checking for /Applications/Xcode.app/Contents/Developer/Toolchains/XcodeDefault.xctoolchain/usr/bin/ld option to reload object files
configure:6278: result: -r
configure:6352: checking for objdump
configure:6368: found /usr/bin/objdump
configure:6379: result: objdump
configure:6411: checking how to recognize dependent libraries
configure:6613: result: pass_all
configure:6698: checking for dlltool
configure:6728: result: no
configure:6758: checking how to associate runtime and link libraries
configure:6785: result: printf %s\n
configure:6845: checking for ar
configure:6861: found /usr/bin/ar
configure:6872: result: ar
configure:6909: checking for archiver @FILE support
configure:6926: gcc -c -g -O2 -Wall  conftest.c >&5
configure:6926: $? = 0
configure:6929: ar cru libconftest.a @conftest.lst >&5
ar: @conftest.lst: No such file or directory
configure:6932: $? = 1
configure:6952: result: no
configure:7010: checking for strip
configure:7026: found /usr/bin/strip
configure:7037: result: strip
configure:7109: checking for ranlib
configure:7125: found /usr/bin/ranlib
configure:7136: result: ranlib
configure:7238: checking command to parse /usr/bin/nm -B output from gcc object
configure:7358: gcc -c -g -O2 -Wall  conftest.c >&5
configure:7361: $? = 0
configure:7365: /usr/bin/nm -B conftest.o \| sed -n -e 's/^.*[ ]\([BCDEGRST][BCDEGRST]*\)[ ][ ]*\([_A-Za-z][_A-Za-z0-9]*\)$/\1 \2 \2/p' | sed '/ __gnu_lto/d' \> conftest.nm
configure:7368: $? = 0
cannot find nm_test_var in conftest.nm
configure:7358: gcc -c -g -O2 -Wall  conftest.c >&5
configure:7361: $? = 0
configure:7365: /usr/bin/nm -B conftest.o \| sed -n -e 's/^.*[ ]\([BCDEGRST][BCDEGRST]*\)[ ][ ]*_\([_A-Za-z][_A-Za-z0-9]*\)$/\1 _\2 \2/p' | sed '/ __gnu_lto/d' \> conftest.nm
configure:7368: $? = 0
configure:7434: gcc -o conftest -g -O2 -Wall   conftest.c conftstm.o >&5
warning: (x86_64)  could not find object file symbol for symbol _main
configure:7437: $? = 0
configure:7475: result: ok
configure:7512: checking for sysroot
configure:7542: result: no
configure:7798: checking for mt
configure:7828: result: no
configure:7848: checking if : is a manifest tool
configure:7854: : '-?'
configure:7862: result: no
configure:7918: checking for dsymutil
configure:7934: found /usr/bin/dsymutil
configure:7945: result: dsymutil
configure:8010: checking for nmedit
configure:8026: found /usr/bin/nmedit
configure:8037: result: nmedit
configure:8102: checking for lipo
configure:8118: found /usr/bin/lipo
configure:8129: result: lipo
configure:8194: checking for otool
configure:8210: found /usr/bin/otool
configure:8221: result: otool
configure:8286: checking for otool64
configure:8316: result: no
configure:8361: checking for -single_module linker flag
gcc -g -O2 -Wall  -o libconftest.dylib -dynamiclib -Wl,-single_module conftest.c
configure:8394: result: yes
configure:8397: checking for -exported_symbols_list linker flag
configure:8417: gcc -o conftest -g -O2 -Wall   -Wl,-exported_symbols_list,conftest.sym conftest.c  >&5
configure:8417: $? = 0
configure:8427: result: yes
configure:8430: checking for -force_load linker flag
gcc -g -O2 -Wall -c -o conftest.o conftest.c
ar cru libconftest.a conftest.o
ranlib libconftest.a
gcc -g -O2 -Wall  -o conftest conftest.c -Wl,-force_load,./libconftest.a
configure:8462: result: yes
configure:8504: checking how to run the C preprocessor
configure:8535: gcc -E  conftest.c
configure:8535: $? = 0
configure:8549: gcc -E  conftest.c
conftest.c:9:10: fatal error: 'ac_nonexistent.h' file not found
#include <ac_nonexistent.h>
         ^~~~~~~~~~~~~~~~~~
1 error generated.
configure:8549: $? = 1
configure: failed program was:
| /* confdefs.h */
| #define PACKAGE_NAME "sphinxbase"
| #define PACKAGE_TARNAME "sphinxbase"
| #define PACKAGE_VERSION "5prealpha"
| #define PACKAGE_STRING "sphinxbase 5prealpha"
| #define PACKAGE_BUGREPORT ""
| #define PACKAGE_URL ""
| /* end confdefs.h.  */
| #include <ac_nonexistent.h>
configure:8574: result: gcc -E
configure:8594: gcc -E  conftest.c
configure:8594: $? = 0
configure:8608: gcc -E  conftest.c
conftest.c:9:10: fatal error: 'ac_nonexistent.h' file not found
#include <ac_nonexistent.h>
         ^~~~~~~~~~~~~~~~~~
1 error generated.
configure:8608: $? = 1
configure: failed program was:
| /* confdefs.h */
| #define PACKAGE_NAME "sphinxbase"
| #define PACKAGE_TARNAME "sphinxbase"
| #define PACKAGE_VERSION "5prealpha"
| #define PACKAGE_STRING "sphinxbase 5prealpha"
| #define PACKAGE_BUGREPORT ""
| #define PACKAGE_URL ""
| /* end confdefs.h.  */
| #include <ac_nonexistent.h>
configure:8637: checking for ANSI C header files
configure:8657: gcc -c -g -O2 -Wall  conftest.c >&5
configure:8657: $? = 0
configure:8730: gcc -o conftest -g -O2 -Wall   conftest.c  >&5
configure:8730: $? = 0
configure:8730: ./conftest
configure:8730: $? = 0
configure:8741: result: yes
configure:8754: checking for sys/types.h
configure:8754: gcc -c -g -O2 -Wall  conftest.c >&5
configure:8754: $? = 0
configure:8754: result: yes
configure:8754: checking for sys/stat.h
configure:8754: gcc -c -g -O2 -Wall  conftest.c >&5
configure:8754: $? = 0
configure:8754: result: yes
configure:8754: checking for stdlib.h
configure:8754: gcc -c -g -O2 -Wall  conftest.c >&5
configure:8754: $? = 0
configure:8754: result: yes
configure:8754: checking for string.h
configure:8754: gcc -c -g -O2 -Wall  conftest.c >&5
configure:8754: $? = 0
configure:8754: result: yes
configure:8754: checking for memory.h
configure:8754: gcc -c -g -O2 -Wall  conftest.c >&5
configure:8754: $? = 0
configure:8754: result: yes
configure:8754: checking for strings.h
configure:8754: gcc -c -g -O2 -Wall  conftest.c >&5
configure:8754: $? = 0
configure:8754: result: yes
configure:8754: checking for inttypes.h
configure:8754: gcc -c -g -O2 -Wall  conftest.c >&5
configure:8754: $? = 0
configure:8754: result: yes
configure:8754: checking for stdint.h
configure:8754: gcc -c -g -O2 -Wall  conftest.c >&5
configure:8754: $? = 0
configure:8754: result: yes
configure:8754: checking for unistd.h
configure:8754: gcc -c -g -O2 -Wall  conftest.c >&5
configure:8754: $? = 0
configure:8754: result: yes
configure:8768: checking for dlfcn.h
configure:8768: gcc -c -g -O2 -Wall  conftest.c >&5
configure:8768: $? = 0
configure:8768: result: yes
configure:8974: checking for objdir
configure:8989: result: .libs
configure:9260: checking if gcc supports -fno-rtti -fno-exceptions
configure:9278: gcc -c -g -O2 -Wall  -fno-rtti -fno-exceptions conftest.c >&5
configure:9282: $? = 0
configure:9295: result: yes
configure:9622: checking for gcc option to produce PIC
configure:9629: result: -fno-common -DPIC
configure:9637: checking if gcc PIC flag -fno-common -DPIC works
configure:9655: gcc -c -g -O2 -Wall  -fno-common -DPIC -DPIC conftest.c >&5
configure:9659: $? = 0
configure:9672: result: yes
configure:9701: checking if gcc static flag -static works
configure:9729: result: no
configure:9744: checking if gcc supports -c -o file.o
configure:9765: gcc -c -g -O2 -Wall  -o out/conftest2.o conftest.c >&5
configure:9769: $? = 0
configure:9791: result: yes
configure:9799: checking if gcc supports -c -o file.o
configure:9846: result: yes
configure:9879: checking whether the gcc linker (/Applications/Xcode.app/Contents/Developer/Toolchains/XcodeDefault.xctoolchain/usr/bin/ld) supports shared libraries
configure:11032: result: yes
configure:11272: checking dynamic linker characteristics
configure:12005: result: darwin17.7.0 dyld
configure:12112: checking how to hardcode library paths into programs
configure:12137: result: immediate
configure:12677: checking whether stripping libraries is possible
configure:12691: result: yes
configure:12717: checking if libtool supports shared libraries
configure:12719: result: yes
configure:12722: checking whether to build shared libraries
configure:12743: result: yes
configure:12746: checking whether to build static libraries
configure:12750: result: yes
configure:12792: checking for bison
configure:12808: found /usr/bin/bison
configure:12820: result: bison -y
configure:12834: checking for ANSI C header files
configure:12938: result: yes
configure:12946: checking whether byte ordering is bigendian
configure:12961: gcc -c -g -O2 -Wall  conftest.c >&5
configure:12961: $? = 0
configure:13006: gcc -c -g -O2 -Wall  conftest.c >&5
configure:13006: $? = 0
configure:13024: gcc -c -g -O2 -Wall  conftest.c >&5
conftest.c:29:4: error: use of undeclared identifier 'not'
                 not big endian
                 ^
1 error generated.
configure:13024: $? = 1
configure: failed program was:
| /* confdefs.h */
| #define PACKAGE_NAME "sphinxbase"
| #define PACKAGE_TARNAME "sphinxbase"
| #define PACKAGE_VERSION "5prealpha"
| #define PACKAGE_STRING "sphinxbase 5prealpha"
| #define PACKAGE_BUGREPORT ""
| #define PACKAGE_URL ""
| #define STDC_HEADERS 1
| #define HAVE_SYS_TYPES_H 1
| #define HAVE_SYS_STAT_H 1
| #define HAVE_STDLIB_H 1
| #define HAVE_STRING_H 1
| #define HAVE_MEMORY_H 1
| #define HAVE_STRINGS_H 1
| #define HAVE_INTTYPES_H 1
| #define HAVE_STDINT_H 1
| #define HAVE_UNISTD_H 1
| #define HAVE_DLFCN_H 1
| #define LT_OBJDIR ".libs/"
| #define STDC_HEADERS 1
| /* end confdefs.h.  */
| #include <sys/types.h>
| 		#include <sys/param.h>
| 
| int
| main ()
| {
| #if BYTE_ORDER != BIG_ENDIAN
| 		 not big endian
| 		#endif
| 
|   ;
|   return 0;
| }
configure:13152: result: no
configure:13170: checking return type of signal handlers
configure:13188: gcc -c -g -O2 -Wall  conftest.c >&5
conftest.c:28:8: error: indirection requires pointer operand ('void' invalid)
return *(signal (0, 0)) (0) == 1;
       ^~~~~~~~~~~~~~~~~~~~
1 error generated.
configure:13188: $? = 1
configure: failed program was:
| /* confdefs.h */
| #define PACKAGE_NAME "sphinxbase"
| #define PACKAGE_TARNAME "sphinxbase"
| #define PACKAGE_VERSION "5prealpha"
| #define PACKAGE_STRING "sphinxbase 5prealpha"
| #define PACKAGE_BUGREPORT ""
| #define PACKAGE_URL ""
| #define STDC_HEADERS 1
| #define HAVE_SYS_TYPES_H 1
| #define HAVE_SYS_STAT_H 1
| #define HAVE_STDLIB_H 1
| #define HAVE_STRING_H 1
| #define HAVE_MEMORY_H 1
| #define HAVE_STRINGS_H 1
| #define HAVE_INTTYPES_H 1
| #define HAVE_STDINT_H 1
| #define HAVE_UNISTD_H 1
| #define HAVE_DLFCN_H 1
| #define LT_OBJDIR ".libs/"
| #define STDC_HEADERS 1
| /* end confdefs.h.  */
| #include <sys/types.h>
| #include <signal.h>
| 
| int
| main ()
| {
| return *(signal (0, 0)) (0) == 1;
|   ;
|   return 0;
| }
configure:13195: result: void
configure:13203: checking for long long
configure:13203: gcc -c -g -O2 -Wall  conftest.c >&5
configure:13203: $? = 0
configure:13203: gcc -c -g -O2 -Wall  conftest.c >&5
conftest.c:59:24: error: expected expression
if (sizeof ((long long)))
                       ^
1 error generated.
configure:13203: $? = 1
configure: failed program was:
| /* confdefs.h */
| #define PACKAGE_NAME "sphinxbase"
| #define PACKAGE_TARNAME "sphinxbase"
| #define PACKAGE_VERSION "5prealpha"
| #define PACKAGE_STRING "sphinxbase 5prealpha"
| #define PACKAGE_BUGREPORT ""
| #define PACKAGE_URL ""
| #define STDC_HEADERS 1
| #define HAVE_SYS_TYPES_H 1
| #define HAVE_SYS_STAT_H 1
| #define HAVE_STDLIB_H 1
| #define HAVE_STRING_H 1
| #define HAVE_MEMORY_H 1
| #define HAVE_STRINGS_H 1
| #define HAVE_INTTYPES_H 1
| #define HAVE_STDINT_H 1
| #define HAVE_UNISTD_H 1
| #define HAVE_DLFCN_H 1
| #define LT_OBJDIR ".libs/"
| #define STDC_HEADERS 1
| #define RETSIGTYPE void
| /* end confdefs.h.  */
| #include <stdio.h>
| #ifdef HAVE_SYS_TYPES_H
| # include <sys/types.h>
| #endif
| #ifdef HAVE_SYS_STAT_H
| # include <sys/stat.h>
| #endif
| #ifdef STDC_HEADERS
| # include <stdlib.h>
| # include <stddef.h>
| #else
| # ifdef HAVE_STDLIB_H
| #  include <stdlib.h>
| # endif
| #endif
| #ifdef HAVE_STRING_H
| # if !defined STDC_HEADERS && defined HAVE_MEMORY_H
| #  include <memory.h>
| # endif
| # include <string.h>
| #endif
| #ifdef HAVE_STRINGS_H
| # include <strings.h>
| #endif
| #ifdef HAVE_INTTYPES_H
| # include <inttypes.h>
| #endif
| #ifdef HAVE_STDINT_H
| # include <stdint.h>
| #endif
| #ifdef HAVE_UNISTD_H
| # include <unistd.h>
| #endif
| int
| main ()
| {
| if (sizeof ((long long)))
| 	    return 0;
|   ;
|   return 0;
| }
configure:13203: result: yes
configure:13217: checking size of long long
configure:13222: gcc -o conftest -g -O2 -Wall   conftest.c  >&5
configure:13222: $? = 0
configure:13222: ./conftest
configure:13222: $? = 0
configure:13236: result: 8
configure:13250: checking size of long
configure:13255: gcc -o conftest -g -O2 -Wall   conftest.c  >&5
configure:13255: $? = 0
configure:13255: ./conftest
configure:13255: $? = 0
configure:13269: result: 8
configure:13282: checking for popen
configure:13282: gcc -o conftest -g -O2 -Wall   conftest.c  >&5
configure:13282: $? = 0
configure:13282: result: yes
configure:13282: checking for perror
configure:13282: gcc -o conftest -g -O2 -Wall   conftest.c  >&5
configure:13282: $? = 0
configure:13282: result: yes
configure:13282: checking for snprintf
configure:13282: gcc -o conftest -g -O2 -Wall   conftest.c  >&5
conftest.c:51:6: warning: incompatible redeclaration of library function 'snprintf' [-Wincompatible-library-redeclaration]
char snprintf ();
     ^
conftest.c:51:6: note: 'snprintf' is a builtin with type 'int (char *, unsigned long, const char *, ...)'
1 warning generated.
configure:13282: $? = 0
configure:13282: result: yes
configure:13291: checking errno.h usability
configure:13291: gcc -c -g -O2 -Wall  conftest.c >&5
configure:13291: $? = 0
configure:13291: result: yes
configure:13291: checking errno.h presence
configure:13291: gcc -E  conftest.c
configure:13291: $? = 0
configure:13291: result: yes
configure:13291: checking for errno.h
configure:13291: result: yes
configure:13311: checking for sgesv_ in -llapack
configure:13336: gcc -o conftest -g -O2 -Wall   conftest.c -llapack   >&5
configure:13336: $? = 0
configure:13345: result: yes
configure:13359: checking for sgemm_ in -lblas
configure:13384: gcc -o conftest -g -O2 -Wall   conftest.c -lblas  -llapack  >&5
configure:13384: $? = 0
configure:13393: result: yes
configure:13428: checking for log in -lm
configure:13453: gcc -o conftest -g -O2 -Wall   conftest.c -lm  -lblas -llapack  >&5
conftest.c:39:6: warning: incompatible redeclaration of library function 'log' [-Wincompatible-library-redeclaration]
char log ();
     ^
conftest.c:39:6: note: 'log' is a builtin with type 'double (double)'
1 warning generated.
configure:13453: $? = 0
configure:13462: result: yes
configure:13493: checking pthread.h usability
configure:13493: gcc -c -g -O2 -Wall  conftest.c >&5
configure:13493: $? = 0
configure:13493: result: yes
configure:13493: checking pthread.h presence
configure:13493: gcc -E  conftest.c
configure:13493: $? = 0
configure:13493: result: yes
configure:13493: checking for pthread.h
configure:13493: result: yes
configure:13503: checking for pthread_create in -lpthread
configure:13528: gcc -o conftest -g -O2 -Wall   conftest.c -lpthread  -lm -lblas -llapack  >&5
configure:13528: $? = 0
configure:13537: result: yes
configure:13776: checking alc.h usability
configure:13776: gcc -c -g -O2 -Wall  -I/Applications/Xcode.app/Contents/Developer/Platforms/MacOSX.platform/Developer/SDKs/MacOSX10.14.sdk/System/Library/Frameworks/OpenAL.framework/Versions/A/Headers/ conftest.c >&5
configure:13776: $? = 0
configure:13776: result: yes
configure:13776: checking alc.h presence
configure:13776: gcc -E  -I/Applications/Xcode.app/Contents/Developer/Platforms/MacOSX.platform/Developer/SDKs/MacOSX10.14.sdk/System/Library/Frameworks/OpenAL.framework/Versions/A/Headers/ conftest.c
configure:13776: $? = 0
configure:13776: result: yes
configure:13776: checking for alc.h
configure:13776: result: yes
configure:13801: checking for doxygen
configure:13829: result: no
configure:14703: checking that generated files are newer than configure
configure:14709: result: done
configure:14761: creating ./config.status

## ---------------------- ##
## Running config.status. ##
## ---------------------- ##

This file was extended by sphinxbase config.status 5prealpha, which was
generated by GNU Autoconf 2.69.  Invocation command line was

  CONFIG_FILES    = 
  CONFIG_HEADERS  = 
  CONFIG_LINKS    = 
  CONFIG_COMMANDS = 
  $ ./config.status 

on Katies-MacBook-Pro-3.local

config.status:1164: creating sphinxbase.pc
config.status:1164: creating Makefile
config.status:1164: creating include/Makefile
config.status:1164: creating include/sphinxbase/Makefile
config.status:1164: creating src/Makefile
config.status:1164: creating src/libsphinxad/Makefile
config.status:1164: creating src/libsphinxbase/Makefile
config.status:1164: creating src/libsphinxbase/util/Makefile
config.status:1164: creating src/libsphinxbase/feat/Makefile
config.status:1164: creating src/libsphinxbase/fe/Makefile
config.status:1164: creating src/libsphinxbase/lm/Makefile
config.status:1164: creating src/sphinx_fe/Makefile
config.status:1164: creating src/sphinx_cepview/Makefile
config.status:1164: creating src/sphinx_jsgf2fsg/Makefile
config.status:1164: creating src/sphinx_adtools/Makefile
config.status:1164: creating src/sphinx_lmtools/Makefile
config.status:1164: creating doc/Makefile
config.status:1164: creating doc/doxyfile
config.status:1164: creating test/Makefile
config.status:1164: creating test/unit/testfuncs.sh
config.status:1164: creating test/unit/Makefile
config.status:1164: creating test/unit/test_alloc/Makefile
config.status:1164: creating test/unit/test_bitvec/Makefile
config.status:1164: creating test/unit/test_case/Makefile
config.status:1164: creating test/unit/test_string/Makefile
config.status:1164: creating test/unit/test_cmdln/Makefile
config.status:1164: creating test/unit/test_hash/Makefile
config.status:1164: creating test/unit/test_matrix/Makefile
config.status:1164: creating test/unit/test_feat/Makefile
config.status:1164: creating test/unit/test_fe/Makefile
config.status:1164: creating test/unit/test_logmath/Makefile
config.status:1164: creating test/unit/test_lineiter/Makefile
config.status:1164: creating test/unit/test_ngram/Makefile
config.status:1164: creating test/unit/test_fsg/Makefile
config.status:1164: creating test/unit/test_thread/Makefile
config.status:1164: creating test/unit/test_util/Makefile
config.status:1164: creating test/regression/testfuncs.sh
config.status:1164: creating test/regression/Makefile
config.status:1164: creating swig/Makefile
config.status:1164: creating swig/python/Makefile
config.status:1164: creating include/config.h
config.status:1164: creating include/sphinx_config.h
config.status:1393: executing depfiles commands
config.status:1393: executing libtool commands

## ---------------- ##
## Cache variables. ##
## ---------------- ##

ac_cv_build=x86_64-apple-darwin17.7.0
ac_cv_c_bigendian=no
ac_cv_c_compiler_gnu=yes
ac_cv_env_CC_set=
ac_cv_env_CC_value=
ac_cv_env_CFLAGS_set=
ac_cv_env_CFLAGS_value=
ac_cv_env_CPPFLAGS_set=
ac_cv_env_CPPFLAGS_value=
ac_cv_env_CPP_set=
ac_cv_env_CPP_value=
ac_cv_env_LDFLAGS_set=
ac_cv_env_LDFLAGS_value=
ac_cv_env_LIBS_set=
ac_cv_env_LIBS_value=
ac_cv_env_PYTHON_VERSION_set=
ac_cv_env_PYTHON_VERSION_value=
ac_cv_env_PYTHON_set=
ac_cv_env_PYTHON_value=
ac_cv_env_YACC_set=
ac_cv_env_YACC_value=
ac_cv_env_build_alias_set=
ac_cv_env_build_alias_value=
ac_cv_env_host_alias_set=
ac_cv_env_host_alias_value=
ac_cv_env_target_alias_set=
ac_cv_env_target_alias_value=
ac_cv_func_perror=yes
ac_cv_func_popen=yes
ac_cv_func_snprintf=yes
ac_cv_header_alc_h=yes
ac_cv_header_dlfcn_h=yes
ac_cv_header_errno_h=yes
ac_cv_header_inttypes_h=yes
ac_cv_header_memory_h=yes
ac_cv_header_pthread_h=yes
ac_cv_header_stdc=yes
ac_cv_header_stdint_h=yes
ac_cv_header_stdlib_h=yes
ac_cv_header_string_h=yes
ac_cv_header_strings_h=yes
ac_cv_header_sys_stat_h=yes
ac_cv_header_sys_types_h=yes
ac_cv_header_unistd_h=yes
ac_cv_host=x86_64-apple-darwin17.7.0
ac_cv_lib_blas_sgemm_=yes
ac_cv_lib_lapack_sgesv_=yes
ac_cv_lib_m_log=yes
ac_cv_lib_pthread_pthread_create=yes
ac_cv_objext=o
ac_cv_path_EGREP='/usr/bin/grep -E'
ac_cv_path_FGREP='/usr/bin/grep -F'
ac_cv_path_GREP=/usr/bin/grep
ac_cv_path_SED=/usr/bin/sed
ac_cv_path_install='/usr/bin/install -c'
ac_cv_prog_AWK=awk
ac_cv_prog_CPP='gcc -E'
ac_cv_prog_HAVE_DOXYGEN=no
ac_cv_prog_YACC='bison -y'
ac_cv_prog_ac_ct_AR=ar
ac_cv_prog_ac_ct_CC=gcc
ac_cv_prog_ac_ct_DSYMUTIL=dsymutil
ac_cv_prog_ac_ct_LIPO=lipo
ac_cv_prog_ac_ct_NMEDIT=nmedit
ac_cv_prog_ac_ct_OBJDUMP=objdump
ac_cv_prog_ac_ct_OTOOL=otool
ac_cv_prog_ac_ct_RANLIB=ranlib
ac_cv_prog_ac_ct_STRIP=strip
ac_cv_prog_cc_c89=
ac_cv_prog_cc_c99=
ac_cv_prog_cc_g=yes
ac_cv_prog_cc_stdc=
ac_cv_prog_make_make_set=yes
ac_cv_search_strerror='none required'
ac_cv_sizeof_long=8
ac_cv_sizeof_long_long=8
ac_cv_type_long_long=yes
ac_cv_type_signal=void
am_cv_CC_dependencies_compiler_type=gcc3
am_cv_make_support_nested_variables=yes
am_cv_prog_cc_c_o=yes
lt_cv_apple_cc_single_mod=yes
lt_cv_ar_at_file=no
lt_cv_deplibs_check_method=pass_all
lt_cv_file_magic_cmd='$MAGIC_CMD'
lt_cv_file_magic_test_file=
lt_cv_ld_exported_symbols_list=yes
lt_cv_ld_force_load=yes
lt_cv_ld_reload_flag=-r
lt_cv_nm_interface='BSD nm'
lt_cv_objdir=.libs
lt_cv_path_LD=/Applications/Xcode.app/Contents/Developer/Toolchains/XcodeDefault.xctoolchain/usr/bin/ld
lt_cv_path_NM='/usr/bin/nm -B'
lt_cv_path_mainfest_tool=no
lt_cv_prog_compiler_c_o=yes
lt_cv_prog_compiler_pic='-fno-common -DPIC'
lt_cv_prog_compiler_pic_works=yes
lt_cv_prog_compiler_rtti_exceptions=yes
lt_cv_prog_compiler_static_works=no
lt_cv_prog_gnu_ld=no
lt_cv_sharedlib_from_linklib_cmd='printf %s\n'
lt_cv_sys_global_symbol_pipe='sed -n -e '\''s/^.*[	 ]\([BCDEGRST][BCDEGRST]*\)[	 ][	 ]*_\([_A-Za-z][_A-Za-z0-9]*\)$/\1 _\2 \2/p'\'' | sed '\''/ __gnu_lto/d'\'''
lt_cv_sys_global_symbol_to_c_name_address='sed -n -e '\''s/^: \([^ ]*\)[ ]*$/  {\"\1\", (void *) 0},/p'\'' -e '\''s/^[BCDEGRST]* \([^ ]*\) \([^ ]*\)$/  {"\2", (void *) \&\2},/p'\'''
lt_cv_sys_global_symbol_to_c_name_address_lib_prefix='sed -n -e '\''s/^: \([^ ]*\)[ ]*$/  {\"\1\", (void *) 0},/p'\'' -e '\''s/^[BCDEGRST]* \([^ ]*\) \(lib[^ ]*\)$/  {"\2", (void *) \&\2},/p'\'' -e '\''s/^[BCDEGRST]* \([^ ]*\) \([^ ]*\)$/  {"lib\2", (void *) \&\2},/p'\'''
lt_cv_sys_global_symbol_to_cdecl='sed -n -e '\''s/^T .* \(.*\)$/extern int \1();/p'\'' -e '\''s/^[BCDEGRST]* .* \(.*\)$/extern char \1;/p'\'''
lt_cv_sys_max_cmd_len=196608
lt_cv_to_host_file_cmd=func_convert_file_noop
lt_cv_to_tool_file_cmd=func_convert_file_noop

## ----------------- ##
## Output variables. ##
## ----------------- ##

ACLOCAL='${SHELL} /Users/katiemishra/Desktop/VoiceClassification/sphinxbase/missing aclocal-1.14'
AMDEPBACKSLASH='\'
AMDEP_FALSE='#'
AMDEP_TRUE=''
AMTAR='$${TAR-tar}'
AM_BACKSLASH='\'
AM_DEFAULT_V='$(AM_DEFAULT_VERBOSITY)'
AM_DEFAULT_VERBOSITY='1'
AM_V='$(V)'
AR='ar'
AUTOCONF='${SHELL} /Users/katiemishra/Desktop/VoiceClassification/sphinxbase/missing autoconf'
AUTOHEADER='${SHELL} /Users/katiemishra/Desktop/VoiceClassification/sphinxbase/missing autoheader'
AUTOMAKE='${SHELL} /Users/katiemishra/Desktop/VoiceClassification/sphinxbase/missing automake-1.14'
AWK='awk'
BUILD_DOXYGEN_FALSE=''
BUILD_DOXYGEN_TRUE='#'
BUILD_SWIG_FALSE=''
BUILD_SWIG_TRUE='#'
CC='gcc'
CCDEPMODE='depmode=gcc3'
CFLAGS='-g -O2 -Wall'
CPP='gcc -E'
CPPFLAGS=''
CYGPATH_W='echo'
DEFS='-DHAVE_CONFIG_H'
DEPDIR='.deps'
DLLTOOL='false'
DSYMUTIL='dsymutil'
DUMPBIN=''
ECHO_C='\c'
ECHO_N=''
ECHO_T=''
EGREP='/usr/bin/grep -E'
EXEEXT=''
FGREP='/usr/bin/grep -F'
FIXED_POINT_FALSE=''
FIXED_POINT_TRUE='#'
GREP='/usr/bin/grep'
HAVE_DOXYGEN='no'
INSTALL_DATA='${INSTALL} -m 644'
INSTALL_PROGRAM='${INSTALL}'
INSTALL_SCRIPT='${INSTALL}'
INSTALL_STRIP_PROGRAM='$(install_sh) -c -s'
LAPACK_LITE_FALSE=''
LAPACK_LITE_TRUE='#'
LD='/Applications/Xcode.app/Contents/Developer/Toolchains/XcodeDefault.xctoolchain/usr/bin/ld'
LDFLAGS=''
LIBOBJS=''
LIBS='-lpthread -lm -lblas -llapack '
LIBTOOL='$(SHELL) $(top_builddir)/libtool'
LIPO='lipo'
LN_S='ln -s'
LTLIBOBJS=''
MAKEINFO='${SHELL} /Users/katiemishra/Desktop/VoiceClassification/sphinxbase/missing makeinfo'
MANIFEST_TOOL=':'
MKDIR_P='./install-sh -c -d'
NM='/usr/bin/nm -B'
NMEDIT='nmedit'
OBJDUMP='objdump'
OBJEXT='o'
OTOOL64=':'
OTOOL='otool'
PACKAGE='sphinxbase'
PACKAGE_BUGREPORT=''
PACKAGE_NAME='sphinxbase'
PACKAGE_STRING='sphinxbase 5prealpha'
PACKAGE_TARNAME='sphinxbase'
PACKAGE_URL=''
PACKAGE_VERSION='5prealpha'
PATH_SEPARATOR=':'
PYTHON=''
PYTHON_CPPFLAGS=''
PYTHON_EXEC_PREFIX=''
PYTHON_EXTRA_LDFLAGS=''
PYTHON_EXTRA_LIBS=''
PYTHON_LDFLAGS=''
PYTHON_PLATFORM=''
PYTHON_PREFIX=''
PYTHON_SITE_PKG=''
PYTHON_VERSION=''
RANLIB='ranlib'
SED='/usr/bin/sed'
SET_MAKE=''
SHELL='/bin/sh'
STRIP='strip'
SWIG=''
SWIG_LIB=''
USE_LAPACK_FALSE='#'
USE_LAPACK_TRUE=''
USE_THREADS_FALSE='#'
USE_THREADS_TRUE=''
VERSION='5prealpha'
YACC='bison -y'
ac_ct_AR='ar'
ac_ct_CC='gcc'
ac_ct_DUMPBIN=''
ad_cppflags='-I/Applications/Xcode.app/Contents/Developer/Platforms/MacOSX.platform/Developer/SDKs/MacOSX10.14.sdk/System/Library/Frameworks/OpenAL.framework/Versions/A/Headers/'
ad_files='ad_openal.lo'
ad_libs='-framework OpenAL'
am__EXEEXT_FALSE=''
am__EXEEXT_TRUE='#'
am__fastdepCC_FALSE='#'
am__fastdepCC_TRUE=''
am__include='include'
am__isrc=''
am__leading_dot='.'
am__nodep='_no'
am__quote=''
am__tar='$${TAR-tar} chof - "$$tardir"'
am__untar='$${TAR-tar} xf -'
bindir='${exec_prefix}/bin'
build='x86_64-apple-darwin17.7.0'
build_alias=''
build_cpu='x86_64'
build_os='darwin17.7.0'
build_vendor='apple'
datadir='${datarootdir}'
datarootdir='${prefix}/share'
docdir='${datarootdir}/doc/${PACKAGE_TARNAME}'
dvidir='${docdir}'
exec_prefix='${prefix}'
host='x86_64-apple-darwin17.7.0'
host_alias=''
host_cpu='x86_64'
host_os='darwin17.7.0'
host_vendor='apple'
htmldir='${docdir}'
includedir='${prefix}/include'
infodir='${datarootdir}/info'
install_sh='${SHELL} /Users/katiemishra/Desktop/VoiceClassification/sphinxbase/install-sh'
libdir='${exec_prefix}/lib'
libexecdir='${exec_prefix}/libexec'
localedir='${datarootdir}/locale'
localstatedir='${prefix}/var'
mandir='${datarootdir}/man'
mkdir_p='$(MKDIR_P)'
oldincludedir='/usr/include'
pdfdir='${docdir}'
pkgpyexecdir=''
pkgpythondir=''
prefix='/Users/katiemishra/pocketsphinx'
program_transform_name='s,x,x,'
psdir='${docdir}'
pyexecdir=''
pythondir=''
sbindir='${exec_prefix}/sbin'
sharedstatedir='${prefix}/com'
sysconfdir='${prefix}/etc'
target_alias=''

## ----------- ##
## confdefs.h. ##
## ----------- ##

/* confdefs.h */
#define PACKAGE_NAME "sphinxbase"
#define PACKAGE_TARNAME "sphinxbase"
#define PACKAGE_VERSION "5prealpha"
#define PACKAGE_STRING "sphinxbase 5prealpha"
#define PACKAGE_BUGREPORT ""
#define PACKAGE_URL ""
#define STDC_HEADERS 1
#define HAVE_SYS_TYPES_H 1
#define HAVE_SYS_STAT_H 1
#define HAVE_STDLIB_H 1
#define HAVE_STRING_H 1
#define HAVE_MEMORY_H 1
#define HAVE_STRINGS_H 1
#define HAVE_INTTYPES_H 1
#define HAVE_STDINT_H 1
#define HAVE_UNISTD_H 1
#define HAVE_DLFCN_H 1
#define LT_OBJDIR ".libs/"
#define STDC_HEADERS 1
#define RETSIGTYPE void
#define HAVE_LONG_LONG 1
#define SIZEOF_LONG_LONG 8
#define SIZEOF_LONG 8
#define HAVE_POPEN 1
#define HAVE_PERROR 1
#define HAVE_SNPRINTF 1
#define HAVE_LIBLAPACK 1
#define HAVE_LIBBLAS 1
#define WITH_LAPACK /**/
#define HAVE_LIBM 1
#define HAVE_PTHREAD_H 1
#define HAVE_LIBPTHREAD 1
#define ENABLE_THREADS /**/

configure: exit 0
